
Importing E:\STM_TOP_BOARD_GENERIC\PDNAnalyzer_Output\PCB2\Unnamed simulation (1)\odb.tgz... [Wed Jun 15 16:13:26 2022]
============================================================
Reading ODB++ database ...

file not found: odb/misc/info.Z
Reading file odb/matrix/matrix...
Reading file odb/steps/pcb/profile...
Reading file odb/symbols/rect39.3701x35.4331_315/features...
Reading file odb/symbols/rect39.3701x35.4331_45/features...
Reading file odb/symbols/rect47.3701x43.4331_315/features...
Reading file odb/symbols/rect47.3701x43.4331_45/features...
Reading file odb/symbols/rect64.9606x22.8346xr2.8543_225/features...
Reading file odb/symbols/rect72.9606x30.8346xr6.8543_225/features...
Reading file odb/steps/pcb/eda/data...
Origin of ODB++ database:  Altium Designer file - Version 1.0.0.30000
WARNING: Ignoring I(32 time(s))
eda data: 14 packages, 103 nets.
Reading file odb/steps/pcb/layers/top_solder/features...
439 SWHs on layer TOP_SOLDER

Reading file odb/steps/pcb/layers/top_layer/features...
2161 SWHs on layer TOP_LAYER

Reading file odb/steps/pcb/layers/layer_1/features...
296 SWHs on layer LAYER_1

Reading file odb/steps/pcb/layers/layer_3/features...
716 SWHs on layer LAYER_3

Reading file odb/steps/pcb/layers/layer_4/features...
309 SWHs on layer LAYER_4

Reading file odb/steps/pcb/layers/layer_2/features...
296 SWHs on layer LAYER_2

Reading file odb/steps/pcb/layers/bottom_layer/features...
2042 SWHs on layer BOTTOM_LAYER

Reading file odb/steps/pcb/layers/bottom_solder/features...
343 SWHs on layer BOTTOM_SOLDER

Added substrate layer SUBSTRATE-1 below etch layer TOP_LAYER
Added substrate layer SUBSTRATE-2 below etch layer LAYER_1
Added substrate layer SUBSTRATE-3 below etch layer LAYER_3
Added substrate layer SUBSTRATE-4 below etch layer LAYER_4
Added substrate layer SUBSTRATE-5 below etch layer LAYER_2
Reading file odb/steps/pcb/layers/top_solder/attrlist...
Reading file odb/steps/pcb/layers/top_layer/attrlist...
Reading file odb/steps/pcb/layers/layer_1/attrlist...
Reading file odb/steps/pcb/layers/layer_3/attrlist...
Reading file odb/steps/pcb/layers/layer_4/attrlist...
Reading file odb/steps/pcb/layers/layer_2/attrlist...
Reading file odb/steps/pcb/layers/bottom_layer/attrlist...
Reading file odb/steps/pcb/layers/bottom_solder/attrlist...
WARNING: material values were set to default due to missing information for the following layers:  'TOP_SOLDER', 'TOP_LAYER', 'LAYER_1', 'LAYER_3', 'LAYER_4', 'LAYER_2', 'BOTTOM_LAYER', 'BOTTOM_SOLDER'
parsing drills TOP_LAYER-BOTTOM_LAYER
Reading file odb/steps/pcb/layers/drill/features...
Reading file odb/steps/pcb/layers/comp_+_top/components...
Reading file odb/steps/pcb/layers/comp_+_bot/components...
INFO: 1 plated drill holes without logical net information
========================================
INFO: Created CSV file (E:\STM_TOP_BOARD_GENERIC\PDNAnalyzer_Output\PCB2\Unnamed simulation (1)\Results\tmp\design.csv) with component properties extracted from ODB++ file.
========================================
========================================
Lumped-element import (E:\STM_TOP_BOARD_GENERIC\PDNAnalyzer_Output\PCB2\Unnamed simulation (1)\Results\tmp\design.csv)...
Detected ' ; ' as separator.

Value-string translations:
	0.1µF ->  99.99999999999999 nF (C)
	10 kOhms ->  10.0 kOhms (R)
	100 Ohms ->  100.0 Ohms (R)
	10µF ->  10.0 uF (C)
	1µF ->  1.0 uF (C)
	2.2µF ->  2.2 uF (C)
	20pF ->  20.0 pF (C)
	220 Ohms ->  220.0 Ohms (R)
	4.7µF ->  4.7 uF (C)
	47 Ohms ->  47.0 Ohms (R)
WARNING: column header(s) 'type', 'refdes' found multiple times (taking the first one)
========================================
WARNING: There were some warnings while importing the auto-generated CSV-file 'E:\STM_TOP_BOARD_GENERIC\PDNAnalyzer_Output\PCB2\Unnamed simulation (1)\Results\tmp\design.csv'. Please review the auto-generated file under Parts Editor->Load (csv).
========================================
Unifying library padstacks...
Finished reading database.
============================================================
