eMessage_Info Begin analyzing Unnamed simulation (1)
eMessage_Info Generated the settings file: E:\STM_TOP_BOARD_GENERIC\PDNAnalyzer_Output\PCB2\Unnamed simulation (1)\PCB2.py
<<info>>
CST PI-DC Module [built: Mar 18 2018 / 22:44:35, version=Version 2018.4 Build: 20180318]
<<end>>
<<progress>>
100
<<end>>
<<progress>>
0
Reading layers
<<end>>
<<progress>>
12
Reading layers
<<end>>
<<progress>>
25
Reading layers
<<end>>
<<progress>>
37
Reading layers
<<end>>
<<progress>>
50
Reading layers
<<end>>
<<progress>>
62
Reading layers
<<end>>
<<progress>>
75
Reading layers
<<end>>
<<progress>>
87
Reading layers
<<end>>
<<progress>>
100
Reading layers
<<end>>
<<progress>>
0
Creating simulation-control file
<<end>>
<<progress>>
10
Pre-processing components
<<end>>
<<progress>>
0
Converting to PCBS format
<<end>>
<<progress>>
33
Converting to PCBS format
<<end>>
<<progress>>
66
Converting to PCBS format
<<end>>
<<progress>>
100
Converting to PCBS format
<<end>>
<<progress>>
20
Pre-processing geometries
<<end>>
<<progress>>
70
Saving PCB layout in CST format
<<end>>
<<progress>>
100
Done PCB conversion to CST format
<<end>>
<<info>>
Running IR-Drop Solver
<<end>>
<<progress>>
0
CST PI-DC solution
<<end>>
<<warning>>
No DC path from following terminals:
   No DC connection found for VCOMP3_1
<<end>>
<<progress>>
10
CST PI-DC solution
<<end>>
<<error>>
eMessage_Error <<error>>
Solver Process 1104 exited with code 1.
Error:  Cannot set up IR drop topology
eMessage_Error Error:  Cannot set up IR drop topology
No DC path in ground system between active load element(s) and power supply ( VCOMP3_0 )
eMessage_Error No DC path in ground system between active load element(s) and power supply ( VCOMP3_0 )
<<end>>
eMessage_Error <<end>>
<<error>>
eMessage_Error <<error>>
The IR-drop analysis has failed ( Exporting 3d model has failed. ).
eMessage_Error The IR-drop analysis has failed ( Exporting 3d model has failed. ).
<<end>>
eMessage_Error <<end>>
<<error>>
eMessage_Error <<error>>
The field solver stopped due to internal error.
eMessage_Error The field solver stopped due to internal error.
-> PDN Analyzer stopped with error.
eMessage_Error -> PDN Analyzer stopped with error.
<<end>>
eMessage_Error <<end>>
eMessage_Info Load and analyze result for Unnamed simulation (1)
eMessage_Error fields.json doesn't exist
eMessage_Info Analysis Complete Unnamed simulation (1)
