Removed Pin From Net: NetName=LCD_R0 Pin=J3-3
Removed Pin From Net: NetName=LCD_R1 Pin=J3-4
Removed Pin From Net: NetName=LCD_R2 Pin=J3-5
Removed Pin From Net: NetName=LCD_R3 Pin=J3-6
Removed Pin From Net: NetName=LCD_R4 Pin=J3-7
Removed Pin From Net: NetName=LCD_R5 Pin=J3-8
Removed Pin From Net: NetName=LCD_R6 Pin=J3-9
Removed Pin From Net: NetName=LCD_R7 Pin=J3-10
Removed Pin From Net: NetName=GND Pin=J3-11
Removed Pin From Net: NetName=LCD_G0 Pin=J3-12
Removed Pin From Net: NetName=LCD_G1 Pin=J3-13
Removed Pin From Net: NetName=LCD_G2 Pin=J3-14
Removed Pin From Net: NetName=LCD_G3 Pin=J3-15
Removed Pin From Net: NetName=LCD_G4 Pin=J3-16
Removed Pin From Net: NetName=LCD_G5 Pin=J3-17
Removed Pin From Net: NetName=LCD_G6 Pin=J3-18
Removed Pin From Net: NetName=LCD_G7 Pin=J3-19
Removed Pin From Net: NetName=GND Pin=J3-20
Removed Pin From Net: NetName=LCD_B0 Pin=J3-21
Removed Pin From Net: NetName=LCD_B1 Pin=J3-22
Removed Pin From Net: NetName=LCD_B2 Pin=J3-23
Removed Pin From Net: NetName=LCD_B3 Pin=J3-24
Removed Pin From Net: NetName=LCD_B4 Pin=J3-25
Removed Pin From Net: NetName=LCD_B5 Pin=J3-26
Removed Pin From Net: NetName=LCD_B6 Pin=J3-27
Removed Pin From Net: NetName=LCD_B7 Pin=J3-28
Removed Pin From Net: NetName=GND Pin=J3-29
Removed Pin From Net: NetName=DOTCLK Pin=J3-30
Removed Pin From Net: NetName=HSYNC Pin=J3-31
Removed Pin From Net: NetName=VSYNC Pin=J3-32
Removed Pin From Net: NetName=LCD_DE Pin=J3-33
Removed Pin From Net: NetName=UART7_RX Pin=U1-24
Removed Pin From Net: NetName=UART7_TX Pin=U1-25
Removed Pin From Net: NetName=UART7_DE Pin=U1-26
Removed Pin From Net: NetName=I2C1_SDL Pin=U1-164
Removed Member From Class: ClassName=LCD-connector Member=J3
Added Component: Designator=U?(SOIC127P790X216-8N)
Add component (AddParameter): Name = "Availability"; Value = "Warning"; VariantName = "[No Variations]"
Add component (AddParameter): Name = "Check_prices"; Value = "https://www.snapeda.com/parts/AT25SF128A-SHB-T/Dialog%20Semiconductor/view-part/5488499/?ref=eda"; VariantName = "[No Variations]"
Add component (AddParameter): Name = "MF"; Value = "Dialog Semiconductor"; VariantName = "[No Variations]"
Add component (AddParameter): Name = "MP"; Value = "AT25SF128A-SHB-T"; VariantName = "[No Variations]"
Add component (AddParameter): Name = "Package"; Value = "SOIC-8 Dialog Semiconductor"; VariantName = "[No Variations]"
Add component (AddParameter): Name = "Price"; Value = "None"; VariantName = "[No Variations]"
Add component (AddParameter): Name = "Purchase-URL"; Value = "https://pricing.snapeda.com/search/part/AT25SF128A-SHB-T/?ref=eda"; VariantName = "[No Variations]"
Add component (AddParameter): Name = "SnapEDA_Link"; Value = "https://www.snapeda.com/parts/AT25SF128A-SHB-T/Dialog%20Semiconductor/view-part/5488499/?ref=snap"; VariantName = "[No Variations]"
Add component (AddParameter): Name = "Value"; Value = ""; VariantName = "[No Variations]"
Added Pin To Net: NetName=QSPI_CLK Pin=U1-58
Added Net: Name=QSPI_CLK
Added Pin To Net: NetName=QSPI_CS Pin=U?-1
Added Net: Name=QSPI_CS
Added Pin To Net: NetName=QSPI_ISO0 Pin=U1-26
Added Net: Name=QSPI_ISO0
Added Pin To Net: NetName=QSPI_ISO1 Pin=U?-2
Added Net: Name=QSPI_ISO1
Added Pin To Net: NetName=QSPI_ISO2 Pin=U?-3
Added Net: Name=QSPI_ISO2
Added Pin To Net: NetName=QSPI_ISO3 Pin=U?-7
Added Net: Name=QSPI_ISO3
Added Member To Class: ClassName=BOARD-connector Member=Component U? AT25SF128A-SHB-T
