Removed Pin From Net: NetName=DAC_OUT_1 Pin=J2-03
Removed Pin From Net: NetName=DAC_OUT_2 Pin=J2-05
Removed Pin From Net: NetName=GPIO_13 Pin=J2-07
Removed Pin From Net: NetName=ADC1_IN13 Pin=J2-09
Removed Pin From Net: NetName=ADC2_IN14 Pin=J2-11
Removed Pin From Net: NetName=UART7_RX Pin=J3-02
Removed Pin From Net: NetName=UART7_TX Pin=J3-04
Removed Pin From Net: NetName=UART7_DE Pin=J3-06
Removed Pin From Net: NetName=I2C1_SDL Pin=J3-16
Removed Pin From Net: NetName=I2C1_SDA Pin=J3-18
Removed Pin From Net: NetName=SPI2_MOSI Pin=U1-33
Removed Pin From Net: NetName=SPI2_MISO Pin=U1-34
Added Pin To Net: NetName=UART7_RX Pin=J2-03
Added Pin To Net: NetName=UART7_TX Pin=J2-05
Added Pin To Net: NetName=UART7_DE Pin=J2-07
Added Pin To Net: NetName=I2C1_SDL Pin=J2-09
Added Pin To Net: NetName=I2C1_SDA Pin=J2-11
Added Pin To Net: NetName=DAC_OUT_1 Pin=J3-02
Added Pin To Net: NetName=DAC_OUT_2 Pin=J3-04
Added Pin To Net: NetName=GPIO_13 Pin=J3-06
Added Pin To Net: NetName=ADC1_IN13 Pin=J3-16
Added Pin To Net: NetName=ADC2_IN14 Pin=J3-18
Added Pin To Net: NetName=SPI2_MISO Pin=U1-94
Added Pin To Net: NetName=SPI2_MOSI Pin=U1-95
