Removed Pin From Net: NetName=SPI2_MOSI Pin=J3-01
Removed Pin From Net: NetName=SWDIO Pin=J3-02
Removed Pin From Net: NetName=SPI2_MISO Pin=J3-03
Removed Pin From Net: NetName=SWCLK Pin=J3-04
Removed Pin From Net: NetName=SPI2_SCK Pin=J3-05
Removed Pin From Net: NetName=GPIO_13 Pin=J3-06
Removed Pin From Net: NetName=SPI2_NSS Pin=J3-07
Removed Pin From Net: NetName=GND Pin=J3-08
Removed Pin From Net: NetName=USART1_TX Pin=J3-10
Removed Pin From Net: NetName=UART5_RX Pin=J3-11
Removed Pin From Net: NetName=USART1_RX Pin=J3-12
Removed Pin From Net: NetName=UART5_TX Pin=J3-13
Removed Pin From Net: NetName=GND Pin=J3-14
Removed Pin From Net: NetName=UART5_DE Pin=J3-15
Removed Pin From Net: NetName=SPI1_NSS Pin=J3-16
Removed Pin From Net: NetName=ADC2_IN14 Pin=J3-18
Removed Pin From Net: NetName=GPIO_2 Pin=J3-20
Added Pin To Net: NetName=GND Pin=J2-01
Added Pin To Net: NetName=GND Pin=J2-09
Added Pin To Net: NetName=3V3 Pin=J2-11
Added Pin To Net: NetName=3V3 Pin=J2-13
Added Pin To Net: NetName=3V3 Pin=J2-15
Added Pin To Net: NetName=GND Pin=J2-17
Added Pin To Net: NetName=24V0 Pin=J2-19
Added Pin To Net: NetName=GPIO_2 Pin=J3-02
Added Pin To Net: NetName=SWDIO Pin=J3-04
Added Pin To Net: NetName=UART5_RX Pin=J3-06
Added Pin To Net: NetName=UART5_TX Pin=J3-08
Added Pin To Net: NetName=UART5_DE Pin=J3-10
Added Pin To Net: NetName=SPI2_MOSI Pin=J3-12
Added Pin To Net: NetName=SPI2_MISO Pin=J3-14
Added Pin To Net: NetName=SPI2_SCK Pin=J3-16
Added Pin To Net: NetName=SPI2_NSS Pin=J3-18
Added Pin To Net: NetName=ADC2_IN14 Pin=J3-20
