Added Component: Designator=P?(MHDR1X20)
Add component (AddParameter): Name = "LatestRevisionDate"; Value = "17-Jul-2002"; VariantName = "[No Variations]"
Add component (AddParameter): Name = "LatestRevisionNote"; Value = "Re-released for DXP Platform."; VariantName = "[No Variations]"
Add component (AddParameter): Name = "Publisher"; Value = "Altium Limited"; VariantName = "[No Variations]"
Added Pin To Net: NetName=24V0 Pin=P?-1
Added Pin To Net: NetName=3V3 Pin=P?-2
Added Pin To Net: NetName=GND Pin=P?-3
Added Pin To Net: NetName=SWDIO Pin=P?-4
Added Pin To Net: NetName=SWCLK Pin=P?-5
Added Pin To Net: NetName=NRST Pin=P?-6
Added Pin To Net: NetName=BOOT0 Pin=P?-7
Added Pin To Net: NetName=USART1_TX Pin=P?-8
Added Pin To Net: NetName=USART1_RX Pin=P?-9
Added Pin To Net: NetName=GPIO_2 Pin=P?-16
Added Pin To Net: NetName=GND Pin=P?-17
Added Pin To Net: NetName=3V3 Pin=P?-18
Added Pin To Net: NetName=3V3 Pin=P?-19
Added Pin To Net: NetName=24V0 Pin=P?-20
Added Pin To Net: NetName=I2C3_SDA Pin=P?-15
Added Pin To Net: NetName=I2C3_SDA Pin=U1-118
Added Net: Name=I2C3_SDA
Added Pin To Net: NetName=I2C3_SDL Pin=P?-14
Added Pin To Net: NetName=I2C3_SDL Pin=U1-119
Added Net: Name=I2C3_SDL
Added Pin To Net: NetName=USART1_DE Pin=P?-10
Added Pin To Net: NetName=USART1_DE Pin=U1-123
Added Net: Name=USART1_DE
Added Pin To Net: NetName=USART3_DE Pin=P?-13
Added Pin To Net: NetName=USART3_DE Pin=U1-94
Added Net: Name=USART3_DE
Added Pin To Net: NetName=USART3_RX Pin=P?-11
Added Pin To Net: NetName=USART3_RX Pin=U1-140
Added Net: Name=USART3_RX
Added Pin To Net: NetName=USART3_TX Pin=P?-12
Added Pin To Net: NetName=USART3_TX Pin=U1-139
Added Net: Name=USART3_TX
Added Member To Class: ClassName=BOARD-connector Member=Component P? MHDR1X20
