Removed Pin From Net: NetName=GND Pin=J2-01
Removed Pin From Net: NetName=DAC_OUT_1 Pin=J2-02
Removed Pin From Net: NetName=DAC_OUT_2 Pin=J2-04
Removed Pin From Net: NetName=NRST Pin=J2-06
Removed Pin From Net: NetName=BOOT0 Pin=J2-08
Removed Pin From Net: NetName=I2C1_SDL Pin=J2-09
Removed Pin From Net: NetName=GND Pin=J2-10
Removed Pin From Net: NetName=I2C1_SDA Pin=J2-11
Removed Pin From Net: NetName=SPI1_MOSI Pin=J2-12
Removed Pin From Net: NetName=GND Pin=J2-13
Removed Pin From Net: NetName=SPI1_MISO Pin=J2-14
Removed Pin From Net: NetName=3V3 Pin=J2-15
Removed Pin From Net: NetName=SPI1_SCK Pin=J2-16
Removed Pin From Net: NetName=GND Pin=J2-17
Removed Pin From Net: NetName=ADC1_IN13 Pin=J2-18
Removed Pin From Net: NetName=24V0 Pin=J2-19
Removed Pin From Net: NetName=3V3 Pin=J2-20
Added Pin To Net: NetName=ADC1_IN13 Pin=J2-02
Added Pin To Net: NetName=NRST Pin=J2-04
Added Pin To Net: NetName=DAC_OUT_1 Pin=J2-06
Added Pin To Net: NetName=DAC_OUT_2 Pin=J2-08
Added Pin To Net: NetName=BOOT0 Pin=J2-10
Added Pin To Net: NetName=I2C1_SDA Pin=J2-12
Added Pin To Net: NetName=I2C1_SDL Pin=J2-14
Added Pin To Net: NetName=SPI1_MOSI Pin=J2-16
Added Pin To Net: NetName=SPI1_MISO Pin=J2-18
Added Pin To Net: NetName=SPI1_SCK Pin=J2-20
